
------------------------------------------------------------
Thu May 07 2026 18:58:17 GMT-0300 (Horário Padrão de Brasília)

Horario  : 18:59:41
--------------------------------------------------
AliExpress : 37 ofertas enviadas hoje
--------------------------------------------------
Proxima postagem: 10m 13s
--------------------------------------------------
ÚLTIMAS 10 OFERTAS ENVIADAS:
--------------------------------------------------
  18:54:45 - 9v-36v 12v 24v to 5v 5a car usb cha...
  18:39:30 - kingston ram ddr4 laptop memoria 4g...
  18:24:15 - mouse grip tape skate handmade stic...
  18:09:01 - deemount direction adjustable adapt...
  17:53:46 - kamrui gaming mini pc amd ryzen7 77...
  17:38:31 - cpu cooler fan hydraulic bearing si...
  17:23:17 - pld08010s12hh t128010su ga81s2u 78m...
  16:37:54 - e27 5w 7w 9w 12w 15w smart emergenc...
  16:22:40 - new switzerland man casual rose gol...
  16:07:25 - u55b efficient thermals dissipation...
--------------------------------------------------
ULTIMAS AÇÕES:
--------------------------------------------------
[17:53:41] Buscando produtos...
[17:53:56] 5 analisados | 1 enviado
[18:08:56] Buscando produtos...
[18:09:11] 4 analisados | 1 enviado
[18:24:11] Buscando produtos...
[18:24:25] 21 analisados | 1 enviado
[18:39:25] Buscando produtos...
[18:39:40] 6 analisados | 1 enviado
[18:54:40] Buscando produtos...
[18:54:55] 9 analisados | 1 enviado
==================================================
1 - Forçar busca
2 - Parar bot
3 - Sair
==================================================
Opcao: [H[2J[3J==================================================
      BOT KBR PLAY — ALIEXPRESS
==================================================
Status   : [ON]
Buscando : NAO
Horario  : 19:00:11
--------------------------------------------------
AliExpress : 37 ofertas enviadas hoje
--------------------------------------------------
Proxima postagem: 09m 43s
--------------------------------------------------
ÚLTIMAS 10 OFERTAS ENVIADAS:
--------------------------------------------------
  18:54:45 - 9v-36v 12v 24v to 5v 5a car usb cha...
  18:39:30 - kingston ram ddr4 laptop memoria 4g...
  18:24:15 - mouse grip tape skate handmade stic...
  18:09:01 - deemount direction adjustable adapt...
  17:53:46 - kamrui gaming mini pc amd ryzen7 77...
  17:38:31 - cpu cooler fan hydraulic bearing si...
  17:23:17 - pld08010s12hh t128010su ga81s2u 78m...
  16:37:54 - e27 5w 7w 9w 12w 15w smart emergenc...
  16:22:40 - new switzerland man casual rose gol...
  16:07:25 - u55b efficient thermals dissipation...
--------------------------------------------------
ULTIMAS AÇÕES:
--------------------------------------------------
[17:53:41] Buscando produtos...
[17:53:56] 5 analisados | 1 enviado
[18:08:56] Buscando produtos...
[18:09:11] 4 analisados | 1 enviado
[18:24:11] Buscando produtos...
[18:24:25] 21 analisados | 1 enviado
[18:39:25] Buscando produtos...
[18:39:40] 6 analisados | 1 enviado
[18:54:40] Buscando produtos...
[18:54:55] 9 analisados | 1 enviado
==================================================
1 - Forçar busca
2 - Parar bot
3 - Sair
==================================================
Opcao: [H[2J[3J==================================================
      BOT KBR PLAY — ALIEXPRESS
==================================================
Status   : [ON]
Buscando : NAO
Horario  : 19:00:41
--------------------------------------------------
AliExpress : 37 ofertas enviadas hoje
--------------------------------------------------
Proxima postagem: 09m 13s
--------------------------------------------------
ÚLTIMAS 10 OFERTAS ENVIADAS:
--------------------------------------------------
  18:54:45 - 9v-36v 12v 24v to 5v 5a car usb cha...
  18:39:30 - kingston ram ddr4 laptop memoria 4g...
  18:24:15 - mouse grip tape skate handmade stic...
  18:09:01 - deemount direction adjustable adapt...
  17:53:46 - kamrui gaming mini pc amd ryzen7 77...
  17:38:31 - cpu cooler fan hydraulic bearing si...
  17:23:17 - pld08010s12hh t128010su ga81s2u 78m...
  16:37:54 - e27 5w 7w 9w 12w 15w smart emergenc...
  16:22:40 - new switzerland man casual rose gol...
  16:07:25 - u55b efficient thermals dissipation...
--------------------------------------------------
ULTIMAS AÇÕES:
--------------------------------------------------
[17:53:41] Buscando produtos...
[17:53:56] 5 analisados | 1 enviado
[18:08:56] Buscando produtos...
[18:09:11] 4 analisados | 1 enviado
[18:24:11] Buscando produtos...
[18:24:25] 21 analisados | 1 enviado
[18:39:25] Buscando produtos...
[18:39:40] 6 analisados | 1 enviado
[18:54:40] Buscando produtos...
[18:54:55] 9 analisados | 1 enviado
==================================================
1 - Forçar busca
2 - Parar bot
3 - Sair
==================================================
Opcao: [H[2J[3J==================================================
      BOT KBR PLAY — ALIEXPRESS
==================================================
Status   : [ON]
Buscando : NAO
Horario  : 19:01:11
--------------------------------------------------
AliExpress : 37 ofertas enviadas hoje
--------------------------------------------------
Proxima postagem: 08m 43s
--------------------------------------------------
ÚLTIMAS 10 OFERTAS ENVIADAS:
--------------------------------------------------
  18:54:45 - 9v-36v 12v 24v to 5v 5a car usb cha...
  18:39:30 - kingston ram ddr4 laptop memoria 4g...
  18:24:15 - mouse grip tape skate handmade stic...
  18:09:01 - deemount direction adjustable adapt...
  17:53:46 - kamrui gaming mini pc amd ryzen7 77...
  17:38:31 - cpu cooler fan hydraulic bearing si...
  17:23:17 - pld08010s12hh t128010su ga81s2u 78m...
  16:37:54 - e27 5w 7w 9w 12w 15w smart emergenc...
  16:22:40 - new switzerland man casual rose gol...
  16:07:25 - u55b efficient thermals dissipation...
--------------------------------------------------
ULTIMAS AÇÕES:
--------------------------------------------------
[17:53:41] Buscando produtos...
[17:53:56] 5 analisados | 1 enviado
[18:08:56] Buscando produtos...
[18:09:11] 4 analisados | 1 enviado
[18:24:11] Buscando produtos...
[18:24:25] 21 analisados | 1 enviado
[18:39:25] Buscando produtos...
[18:39:40] 6 analisados | 1 enviado
[18:54:40] Buscando produtos...
[18:54:55] 9 analisados | 1 enviado
==================================================
1 - Forçar busca
2 - Parar bot
3 - Sair
==================================================
Opcao: [H[2J[3J==================================================
      BOT KBR PLAY — ALIEXPRESS
==================================================
Status   : [ON]
Buscando : NAO
Horario  : 19:01:41
--------------------------------------------------
AliExpress : 37 ofertas enviadas hoje
--------------------------------------------------
Proxima postagem: 08m 13s
--------------------------------------------------
ÚLTIMAS 10 OFERTAS ENVIADAS:
--------------------------------------------------
  18:54:45 - 9v-36v 12v 24v to 5v 5a car usb cha...
  18:39:30 - kingston ram ddr4 laptop memoria 4g...
  18:24:15 - mouse grip tape skate handmade stic...
  18:09:01 - deemount direction adjustable adapt...
  17:53:46 - kamrui gaming mini pc amd ryzen7 77...
  17:38:31 - cpu cooler fan hydraulic bearing si...
  17:23:17 - pld08010s12hh t128010su ga81s2u 78m...
  16:37:54 - e27 5w 7w 9w 12w 15w smart emergenc...
  16:22:40 - new switzerland man casual rose gol...
  16:07:25 - u55b efficient thermals dissipation...
--------------------------------------------------
ULTIMAS AÇÕES:
--------------------------------------------------
[17:53:41] Buscando produtos...
[17:53:56] 5 analisados | 1 enviado
[18:08:56] Buscando produtos...
[18:09:11] 4 analisados | 1 enviado
[18:24:11] Buscando produtos...
[18:24:25] 21 analisados | 1 enviado
[18:39:25] Buscando produtos...
[18:39:40] 6 analisados | 1 enviado
[18:54:40] Buscando produtos...
[18:54:55] 9 analisados | 1 enviado
==================================================
1 - Forçar busca
2 - Parar bot
3 - Sair
==================================================

------------------------------------------------------------
Thu May 07 2026 18:59:21 GMT-0300 (Horário Padrão de Brasília)

Horario  : 19:00:41
--------------------------------------------------
AliExpress : 37 ofertas enviadas hoje
--------------------------------------------------
Proxima postagem: 09m 13s
--------------------------------------------------
ÚLTIMAS 10 OFERTAS ENVIADAS:
--------------------------------------------------
  18:54:45 - 9v-36v 12v 24v to 5v 5a car usb cha...
  18:39:30 - kingston ram ddr4 laptop memoria 4g...
  18:24:15 - mouse grip tape skate handmade stic...
  18:09:01 - deemount direction adjustable adapt...
  17:53:46 - kamrui gaming mini pc amd ryzen7 77...
  17:38:31 - cpu cooler fan hydraulic bearing si...
  17:23:17 - pld08010s12hh t128010su ga81s2u 78m...
  16:37:54 - e27 5w 7w 9w 12w 15w smart emergenc...
  16:22:40 - new switzerland man casual rose gol...
  16:07:25 - u55b efficient thermals dissipation...
--------------------------------------------------
ULTIMAS AÇÕES:
--------------------------------------------------
[17:53:41] Buscando produtos...
[17:53:56] 5 analisados | 1 enviado
[18:08:56] Buscando produtos...
[18:09:11] 4 analisados | 1 enviado
[18:24:11] Buscando produtos...
[18:24:25] 21 analisados | 1 enviado
[18:39:25] Buscando produtos...
[18:39:40] 6 analisados | 1 enviado
[18:54:40] Buscando produtos...
[18:54:55] 9 analisados | 1 enviado
==================================================
1 - Forçar busca
2 - Parar bot
3 - Sair
==================================================
Opcao: [H[2J[3J==================================================
      BOT KBR PLAY — ALIEXPRESS
==================================================
Status   : [ON]
Buscando : NAO
Horario  : 19:01:11
--------------------------------------------------
AliExpress : 37 ofertas enviadas hoje
--------------------------------------------------
Proxima postagem: 08m 43s
--------------------------------------------------
ÚLTIMAS 10 OFERTAS ENVIADAS:
--------------------------------------------------
  18:54:45 - 9v-36v 12v 24v to 5v 5a car usb cha...
  18:39:30 - kingston ram ddr4 laptop memoria 4g...
  18:24:15 - mouse grip tape skate handmade stic...
  18:09:01 - deemount direction adjustable adapt...
  17:53:46 - kamrui gaming mini pc amd ryzen7 77...
  17:38:31 - cpu cooler fan hydraulic bearing si...
  17:23:17 - pld08010s12hh t128010su ga81s2u 78m...
  16:37:54 - e27 5w 7w 9w 12w 15w smart emergenc...
  16:22:40 - new switzerland man casual rose gol...
  16:07:25 - u55b efficient thermals dissipation...
--------------------------------------------------
ULTIMAS AÇÕES:
--------------------------------------------------
[17:53:41] Buscando produtos...
[17:53:56] 5 analisados | 1 enviado
[18:08:56] Buscando produtos...
[18:09:11] 4 analisados | 1 enviado
[18:24:11] Buscando produtos...
[18:24:25] 21 analisados | 1 enviado
[18:39:25] Buscando produtos...
[18:39:40] 6 analisados | 1 enviado
[18:54:40] Buscando produtos...
[18:54:55] 9 analisados | 1 enviado
==================================================
1 - Forçar busca
2 - Parar bot
3 - Sair
==================================================
Opcao: [H[2J[3J==================================================
      BOT KBR PLAY — ALIEXPRESS
==================================================
Status   : [ON]
Buscando : NAO
Horario  : 19:01:41
--------------------------------------------------
AliExpress : 37 ofertas enviadas hoje
--------------------------------------------------
Proxima postagem: 08m 13s
--------------------------------------------------
ÚLTIMAS 10 OFERTAS ENVIADAS:
--------------------------------------------------
  18:54:45 - 9v-36v 12v 24v to 5v 5a car usb cha...
  18:39:30 - kingston ram ddr4 laptop memoria 4g...
  18:24:15 - mouse grip tape skate handmade stic...
  18:09:01 - deemount direction adjustable adapt...
  17:53:46 - kamrui gaming mini pc amd ryzen7 77...
  17:38:31 - cpu cooler fan hydraulic bearing si...
  17:23:17 - pld08010s12hh t128010su ga81s2u 78m...
  16:37:54 - e27 5w 7w 9w 12w 15w smart emergenc...
  16:22:40 - new switzerland man casual rose gol...
  16:07:25 - u55b efficient thermals dissipation...
--------------------------------------------------
ULTIMAS AÇÕES:
--------------------------------------------------
[17:53:41] Buscando produtos...
[17:53:56] 5 analisados | 1 enviado
[18:08:56] Buscando produtos...
[18:09:11] 4 analisados | 1 enviado
[18:24:11] Buscando produtos...
[18:24:25] 21 analisados | 1 enviado
[18:39:25] Buscando produtos...
[18:39:40] 6 analisados | 1 enviado
[18:54:40] Buscando produtos...
[18:54:55] 9 analisados | 1 enviado
==================================================
1 - Forçar busca
2 - Parar bot
3 - Sair
==================================================
Opcao: [H[2J[3J==================================================
      BOT KBR PLAY — ALIEXPRESS
==================================================
Status   : [ON]
Buscando : NAO
Horario  : 19:02:11
--------------------------------------------------
AliExpress : 37 ofertas enviadas hoje
--------------------------------------------------
Proxima postagem: 07m 43s
--------------------------------------------------
ÚLTIMAS 10 OFERTAS ENVIADAS:
--------------------------------------------------
  18:54:45 - 9v-36v 12v 24v to 5v 5a car usb cha...
  18:39:30 - kingston ram ddr4 laptop memoria 4g...
  18:24:15 - mouse grip tape skate handmade stic...
  18:09:01 - deemount direction adjustable adapt...
  17:53:46 - kamrui gaming mini pc amd ryzen7 77...
  17:38:31 - cpu cooler fan hydraulic bearing si...
  17:23:17 - pld08010s12hh t128010su ga81s2u 78m...
  16:37:54 - e27 5w 7w 9w 12w 15w smart emergenc...
  16:22:40 - new switzerland man casual rose gol...
  16:07:25 - u55b efficient thermals dissipation...
--------------------------------------------------
ULTIMAS AÇÕES:
--------------------------------------------------
[17:53:41] Buscando produtos...
[17:53:56] 5 analisados | 1 enviado
[18:08:56] Buscando produtos...
[18:09:11] 4 analisados | 1 enviado
[18:24:11] Buscando produtos...
[18:24:25] 21 analisados | 1 enviado
[18:39:25] Buscando produtos...
[18:39:40] 6 analisados | 1 enviado
[18:54:40] Buscando produtos...
[18:54:55] 9 analisados | 1 enviado
==================================================
1 - Forçar busca
2 - Parar bot
3 - Sair
==================================================
Opcao: [H[2J[3J==================================================
      BOT KBR PLAY — ALIEXPRESS
==================================================
Status   : [ON]
Buscando : NAO
Horario  : 19:02:41
--------------------------------------------------
AliExpress : 37 ofertas enviadas hoje
--------------------------------------------------
Proxima postagem: 07m 13s
--------------------------------------------------
ÚLTIMAS 10 OFERTAS ENVIADAS:
--------------------------------------------------
  18:54:45 - 9v-36v 12v 24v to 5v 5a car usb cha...
  18:39:30 - kingston ram ddr4 laptop memoria 4g...
  18:24:15 - mouse grip tape skate handmade stic...
  18:09:01 - deemount direction adjustable adapt...
  17:53:46 - kamrui gaming mini pc amd ryzen7 77...
  17:38:31 - cpu cooler fan hydraulic bearing si...
  17:23:17 - pld08010s12hh t128010su ga81s2u 78m...
  16:37:54 - e27 5w 7w 9w 12w 15w smart emergenc...
  16:22:40 - new switzerland man casual rose gol...
  16:07:25 - u55b efficient thermals dissipation...
--------------------------------------------------
ULTIMAS AÇÕES:
--------------------------------------------------
[17:53:41] Buscando produtos...
[17:53:56] 5 analisados | 1 enviado
[18:08:56] Buscando produtos...
[18:09:11] 4 analisados | 1 enviado
[18:24:11] Buscando produtos...
[18:24:25] 21 analisados | 1 enviado
[18:39:25] Buscando produtos...
[18:39:40] 6 analisados | 1 enviado
[18:54:40] Buscando produtos...
[18:54:55] 9 analisados | 1 enviado
==================================================
1 - Forçar busca
2 - Parar bot
3 - Sair
==================================================

------------------------------------------------------------
Thu May 07 2026 18:59:30 GMT-0300 (Horário Padrão de Brasília)

Horario  : 19:00:41
--------------------------------------------------
AliExpress : 37 ofertas enviadas hoje
--------------------------------------------------
Proxima postagem: 09m 13s
--------------------------------------------------
ÚLTIMAS 10 OFERTAS ENVIADAS:
--------------------------------------------------
  18:54:45 - 9v-36v 12v 24v to 5v 5a car usb cha...
  18:39:30 - kingston ram ddr4 laptop memoria 4g...
  18:24:15 - mouse grip tape skate handmade stic...
  18:09:01 - deemount direction adjustable adapt...
  17:53:46 - kamrui gaming mini pc amd ryzen7 77...
  17:38:31 - cpu cooler fan hydraulic bearing si...
  17:23:17 - pld08010s12hh t128010su ga81s2u 78m...
  16:37:54 - e27 5w 7w 9w 12w 15w smart emergenc...
  16:22:40 - new switzerland man casual rose gol...
  16:07:25 - u55b efficient thermals dissipation...
--------------------------------------------------
ULTIMAS AÇÕES:
--------------------------------------------------
[17:53:41] Buscando produtos...
[17:53:56] 5 analisados | 1 enviado
[18:08:56] Buscando produtos...
[18:09:11] 4 analisados | 1 enviado
[18:24:11] Buscando produtos...
[18:24:25] 21 analisados | 1 enviado
[18:39:25] Buscando produtos...
[18:39:40] 6 analisados | 1 enviado
[18:54:40] Buscando produtos...
[18:54:55] 9 analisados | 1 enviado
==================================================
1 - Forçar busca
2 - Parar bot
3 - Sair
==================================================
Opcao: [H[2J[3J==================================================
      BOT KBR PLAY — ALIEXPRESS
==================================================
Status   : [ON]
Buscando : NAO
Horario  : 19:01:11
--------------------------------------------------
AliExpress : 37 ofertas enviadas hoje
--------------------------------------------------
Proxima postagem: 08m 43s
--------------------------------------------------
ÚLTIMAS 10 OFERTAS ENVIADAS:
--------------------------------------------------
  18:54:45 - 9v-36v 12v 24v to 5v 5a car usb cha...
  18:39:30 - kingston ram ddr4 laptop memoria 4g...
  18:24:15 - mouse grip tape skate handmade stic...
  18:09:01 - deemount direction adjustable adapt...
  17:53:46 - kamrui gaming mini pc amd ryzen7 77...
  17:38:31 - cpu cooler fan hydraulic bearing si...
  17:23:17 - pld08010s12hh t128010su ga81s2u 78m...
  16:37:54 - e27 5w 7w 9w 12w 15w smart emergenc...
  16:22:40 - new switzerland man casual rose gol...
  16:07:25 - u55b efficient thermals dissipation...
--------------------------------------------------
ULTIMAS AÇÕES:
--------------------------------------------------
[17:53:41] Buscando produtos...
[17:53:56] 5 analisados | 1 enviado
[18:08:56] Buscando produtos...
[18:09:11] 4 analisados | 1 enviado
[18:24:11] Buscando produtos...
[18:24:25] 21 analisados | 1 enviado
[18:39:25] Buscando produtos...
[18:39:40] 6 analisados | 1 enviado
[18:54:40] Buscando produtos...
[18:54:55] 9 analisados | 1 enviado
==================================================
1 - Forçar busca
2 - Parar bot
3 - Sair
==================================================
Opcao: [H[2J[3J==================================================
      BOT KBR PLAY — ALIEXPRESS
==================================================
Status   : [ON]
Buscando : NAO
Horario  : 19:01:41
--------------------------------------------------
AliExpress : 37 ofertas enviadas hoje
--------------------------------------------------
Proxima postagem: 08m 13s
--------------------------------------------------
ÚLTIMAS 10 OFERTAS ENVIADAS:
--------------------------------------------------
  18:54:45 - 9v-36v 12v 24v to 5v 5a car usb cha...
  18:39:30 - kingston ram ddr4 laptop memoria 4g...
  18:24:15 - mouse grip tape skate handmade stic...
  18:09:01 - deemount direction adjustable adapt...
  17:53:46 - kamrui gaming mini pc amd ryzen7 77...
  17:38:31 - cpu cooler fan hydraulic bearing si...
  17:23:17 - pld08010s12hh t128010su ga81s2u 78m...
  16:37:54 - e27 5w 7w 9w 12w 15w smart emergenc...
  16:22:40 - new switzerland man casual rose gol...
  16:07:25 - u55b efficient thermals dissipation...
--------------------------------------------------
ULTIMAS AÇÕES:
--------------------------------------------------
[17:53:41] Buscando produtos...
[17:53:56] 5 analisados | 1 enviado
[18:08:56] Buscando produtos...
[18:09:11] 4 analisados | 1 enviado
[18:24:11] Buscando produtos...
[18:24:25] 21 analisados | 1 enviado
[18:39:25] Buscando produtos...
[18:39:40] 6 analisados | 1 enviado
[18:54:40] Buscando produtos...
[18:54:55] 9 analisados | 1 enviado
==================================================
1 - Forçar busca
2 - Parar bot
3 - Sair
==================================================
Opcao: [H[2J[3J==================================================
      BOT KBR PLAY — ALIEXPRESS
==================================================
Status   : [ON]
Buscando : NAO
Horario  : 19:02:11
--------------------------------------------------
AliExpress : 37 ofertas enviadas hoje
--------------------------------------------------
Proxima postagem: 07m 43s
--------------------------------------------------
ÚLTIMAS 10 OFERTAS ENVIADAS:
--------------------------------------------------
  18:54:45 - 9v-36v 12v 24v to 5v 5a car usb cha...
  18:39:30 - kingston ram ddr4 laptop memoria 4g...
  18:24:15 - mouse grip tape skate handmade stic...
  18:09:01 - deemount direction adjustable adapt...
  17:53:46 - kamrui gaming mini pc amd ryzen7 77...
  17:38:31 - cpu cooler fan hydraulic bearing si...
  17:23:17 - pld08010s12hh t128010su ga81s2u 78m...
  16:37:54 - e27 5w 7w 9w 12w 15w smart emergenc...
  16:22:40 - new switzerland man casual rose gol...
  16:07:25 - u55b efficient thermals dissipation...
--------------------------------------------------
ULTIMAS AÇÕES:
--------------------------------------------------
[17:53:41] Buscando produtos...
[17:53:56] 5 analisados | 1 enviado
[18:08:56] Buscando produtos...
[18:09:11] 4 analisados | 1 enviado
[18:24:11] Buscando produtos...
[18:24:25] 21 analisados | 1 enviado
[18:39:25] Buscando produtos...
[18:39:40] 6 analisados | 1 enviado
[18:54:40] Buscando produtos...
[18:54:55] 9 analisados | 1 enviado
==================================================
1 - Forçar busca
2 - Parar bot
3 - Sair
==================================================
Opcao: [H[2J[3J==================================================
      BOT KBR PLAY — ALIEXPRESS
==================================================
Status   : [ON]
Buscando : NAO
Horario  : 19:02:41
--------------------------------------------------
AliExpress : 37 ofertas enviadas hoje
--------------------------------------------------
Proxima postagem: 07m 13s
--------------------------------------------------
ÚLTIMAS 10 OFERTAS ENVIADAS:
--------------------------------------------------
  18:54:45 - 9v-36v 12v 24v to 5v 5a car usb cha...
  18:39:30 - kingston ram ddr4 laptop memoria 4g...
  18:24:15 - mouse grip tape skate handmade stic...
  18:09:01 - deemount direction adjustable adapt...
  17:53:46 - kamrui gaming mini pc amd ryzen7 77...
  17:38:31 - cpu cooler fan hydraulic bearing si...
  17:23:17 - pld08010s12hh t128010su ga81s2u 78m...
  16:37:54 - e27 5w 7w 9w 12w 15w smart emergenc...
  16:22:40 - new switzerland man casual rose gol...
  16:07:25 - u55b efficient thermals dissipation...
--------------------------------------------------
ULTIMAS AÇÕES:
--------------------------------------------------
[17:53:41] Buscando produtos...
[17:53:56] 5 analisados | 1 enviado
[18:08:56] Buscando produtos...
[18:09:11] 4 analisados | 1 enviado
[18:24:11] Buscando produtos...
[18:24:25] 21 analisados | 1 enviado
[18:39:25] Buscando produtos...
[18:39:40] 6 analisados | 1 enviado
[18:54:40] Buscando produtos...
[18:54:55] 9 analisados | 1 enviado
==================================================
1 - Forçar busca
2 - Parar bot
3 - Sair
==================================================

------------------------------------------------------------
Thu May 07 2026 19:19:27 GMT-0300 (Horário Padrão de Brasília)

Buscando : NAO
Horario  : 19:20:02
--------------------------------------------------
AliExpress : 1 ofertas enviadas hoje
--------------------------------------------------
Proxima postagem: 12m 14s
--------------------------------------------------
ÚLTIMAS 10 OFERTAS ENVIADAS:
--------------------------------------------------
  19:17:07 - for mg zs ezs ev 2017-2024 car dash...
  19:09:59 - 4mp hd 5g wifi ptz camera auto trac...
  18:54:45 - 9v-36v 12v 24v to 5v 5a car usb cha...
  18:39:30 - kingston ram ddr4 laptop memoria 4g...
  18:24:15 - mouse grip tape skate handmade stic...
  18:09:01 - deemount direction adjustable adapt...
  17:53:46 - kamrui gaming mini pc amd ryzen7 77...
  17:38:31 - cpu cooler fan hydraulic bearing si...
  17:23:17 - pld08010s12hh t128010su ga81s2u 78m...
  16:37:54 - e27 5w 7w 9w 12w 15w smart emergenc...
--------------------------------------------------
ULTIMAS AÇÕES:
--------------------------------------------------
[19:17:02] Buscando produtos...
[19:17:17] 2 analisados | 1 enviado
==================================================
1 - Forçar busca
2 - Parar bot
3 - Sair
==================================================
Opcao: [H[2J[3J==================================================
      BOT KBR PLAY — ALIEXPRESS
==================================================
Status   : [ON]
Buscando : NAO
Horario  : 19:20:33
--------------------------------------------------
AliExpress : 1 ofertas enviadas hoje
--------------------------------------------------
Proxima postagem: 11m 44s
--------------------------------------------------
ÚLTIMAS 10 OFERTAS ENVIADAS:
--------------------------------------------------
  19:17:07 - for mg zs ezs ev 2017-2024 car dash...
  19:09:59 - 4mp hd 5g wifi ptz camera auto trac...
  18:54:45 - 9v-36v 12v 24v to 5v 5a car usb cha...
  18:39:30 - kingston ram ddr4 laptop memoria 4g...
  18:24:15 - mouse grip tape skate handmade stic...
  18:09:01 - deemount direction adjustable adapt...
  17:53:46 - kamrui gaming mini pc amd ryzen7 77...
  17:38:31 - cpu cooler fan hydraulic bearing si...
  17:23:17 - pld08010s12hh t128010su ga81s2u 78m...
  16:37:54 - e27 5w 7w 9w 12w 15w smart emergenc...
--------------------------------------------------
ULTIMAS AÇÕES:
--------------------------------------------------
[19:17:02] Buscando produtos...
[19:17:17] 2 analisados | 1 enviado
==================================================
1 - Forçar busca
2 - Parar bot
3 - Sair
==================================================
Opcao: [H[2J[3J==================================================
      BOT KBR PLAY — ALIEXPRESS
==================================================
Status   : [ON]
Buscando : NAO
Horario  : 19:21:03
--------------------------------------------------
AliExpress : 1 ofertas enviadas hoje
--------------------------------------------------
Proxima postagem: 11m 14s
--------------------------------------------------
ÚLTIMAS 10 OFERTAS ENVIADAS:
--------------------------------------------------
  19:17:07 - for mg zs ezs ev 2017-2024 car dash...
  19:09:59 - 4mp hd 5g wifi ptz camera auto trac...
  18:54:45 - 9v-36v 12v 24v to 5v 5a car usb cha...
  18:39:30 - kingston ram ddr4 laptop memoria 4g...
  18:24:15 - mouse grip tape skate handmade stic...
  18:09:01 - deemount direction adjustable adapt...
  17:53:46 - kamrui gaming mini pc amd ryzen7 77...
  17:38:31 - cpu cooler fan hydraulic bearing si...
  17:23:17 - pld08010s12hh t128010su ga81s2u 78m...
  16:37:54 - e27 5w 7w 9w 12w 15w smart emergenc...
--------------------------------------------------
ULTIMAS AÇÕES:
--------------------------------------------------
[19:17:02] Buscando produtos...
[19:17:17] 2 analisados | 1 enviado
==================================================
1 - Forçar busca
2 - Parar bot
3 - Sair
==================================================
Opcao: [H[2J[3J==================================================
      BOT KBR PLAY — ALIEXPRESS
==================================================
Status   : [ON]
Buscando : NAO
Horario  : 19:21:33
--------------------------------------------------
AliExpress : 1 ofertas enviadas hoje
--------------------------------------------------
Proxima postagem: 10m 44s
--------------------------------------------------
ÚLTIMAS 10 OFERTAS ENVIADAS:
--------------------------------------------------
  19:17:07 - for mg zs ezs ev 2017-2024 car dash...
  19:09:59 - 4mp hd 5g wifi ptz camera auto trac...
  18:54:45 - 9v-36v 12v 24v to 5v 5a car usb cha...
  18:39:30 - kingston ram ddr4 laptop memoria 4g...
  18:24:15 - mouse grip tape skate handmade stic...
  18:09:01 - deemount direction adjustable adapt...
  17:53:46 - kamrui gaming mini pc amd ryzen7 77...
  17:38:31 - cpu cooler fan hydraulic bearing si...
  17:23:17 - pld08010s12hh t128010su ga81s2u 78m...
  16:37:54 - e27 5w 7w 9w 12w 15w smart emergenc...
--------------------------------------------------
ULTIMAS AÇÕES:
--------------------------------------------------
[19:17:02] Buscando produtos...
[19:17:17] 2 analisados | 1 enviado
==================================================
1 - Forçar busca
2 - Parar bot
3 - Sair
==================================================
Opcao: 
--- Buscando no AliExpress ---
[ALI] Buscando: nvme ssd
[H[2J[3J==================================================
      BOT KBR PLAY — ALIEXPRESS
==================================================
Status   : [ON]
Buscando : SIM
Horario  : 19:22:23
--------------------------------------------------
AliExpress : 0 ofertas enviadas hoje
--------------------------------------------------
Proxima postagem: Aguardando...
--------------------------------------------------
ÚLTIMAS 10 OFERTAS ENVIADAS:
--------------------------------------------------
  19:17:07 - for mg zs ezs ev 2017-2024 car dash...
  19:09:59 - 4mp hd 5g wifi ptz camera auto trac...
  18:54:45 - 9v-36v 12v 24v to 5v 5a car usb cha...
  18:39:30 - kingston ram ddr4 laptop memoria 4g...
  18:24:15 - mouse grip tape skate handmade stic...
  18:09:01 - deemount direction adjustable adapt...
  17:53:46 - kamrui gaming mini pc amd ryzen7 77...
  17:38:31 - cpu cooler fan hydraulic bearing si...
  17:23:17 - pld08010s12hh t128010su ga81s2u 78m...
  16:37:54 - e27 5w 7w 9w 12w 15w smart emergenc...
--------------------------------------------------
ULTIMAS AÇÕES:
--------------------------------------------------
[19:22:23] Buscando produtos...
==================================================
1 - Forçar busca
2 - Parar bot
3 - Sair
==================================================
Opcao: [ALI] 49 produtos encontrados
  [ENVIADO] Intelligent digital hard drive
Posts hoje: 1/100
[H[2J[3J==================================================
      BOT KBR PLAY — ALIEXPRESS
==================================================
Status   : [ON]
Buscando : NAO
Horario  : 19:22:53
--------------------------------------------------
AliExpress : 1 ofertas enviadas hoje
--------------------------------------------------
Proxima postagem: 14m 44s
--------------------------------------------------
ÚLTIMAS 10 OFERTAS ENVIADAS:
--------------------------------------------------
  19:22:28 - intelligent digital hard drive encl...
  19:17:07 - for mg zs ezs ev 2017-2024 car dash...
  19:09:59 - 4mp hd 5g wifi ptz camera auto trac...
  18:54:45 - 9v-36v 12v 24v to 5v 5a car usb cha...
  18:39:30 - kingston ram ddr4 laptop memoria 4g...
  18:24:15 - mouse grip tape skate handmade stic...
  18:09:01 - deemount direction adjustable adapt...
  17:53:46 - kamrui gaming mini pc amd ryzen7 77...
  17:38:31 - cpu cooler fan hydraulic bearing si...
  17:23:17 - pld08010s12hh t128010su ga81s2u 78m...
--------------------------------------------------
ULTIMAS AÇÕES:
--------------------------------------------------
[19:22:23] Buscando produtos...
[19:22:38] 2 analisados | 1 enviado
==================================================
1 - Forçar busca
2 - Parar bot
3 - Sair
==================================================

------------------------------------------------------------
Thu May 07 2026 19:19:35 GMT-0300 (Horário Padrão de Brasília)

Buscando : NAO
Horario  : 19:20:02
--------------------------------------------------
AliExpress : 1 ofertas enviadas hoje
--------------------------------------------------
Proxima postagem: 12m 14s
--------------------------------------------------
ÚLTIMAS 10 OFERTAS ENVIADAS:
--------------------------------------------------
  19:17:07 - for mg zs ezs ev 2017-2024 car dash...
  19:09:59 - 4mp hd 5g wifi ptz camera auto trac...
  18:54:45 - 9v-36v 12v 24v to 5v 5a car usb cha...
  18:39:30 - kingston ram ddr4 laptop memoria 4g...
  18:24:15 - mouse grip tape skate handmade stic...
  18:09:01 - deemount direction adjustable adapt...
  17:53:46 - kamrui gaming mini pc amd ryzen7 77...
  17:38:31 - cpu cooler fan hydraulic bearing si...
  17:23:17 - pld08010s12hh t128010su ga81s2u 78m...
  16:37:54 - e27 5w 7w 9w 12w 15w smart emergenc...
--------------------------------------------------
ULTIMAS AÇÕES:
--------------------------------------------------
[19:17:02] Buscando produtos...
[19:17:17] 2 analisados | 1 enviado
==================================================
1 - Forçar busca
2 - Parar bot
3 - Sair
==================================================
Opcao: [H[2J[3J==================================================
      BOT KBR PLAY — ALIEXPRESS
==================================================
Status   : [ON]
Buscando : NAO
Horario  : 19:20:33
--------------------------------------------------
AliExpress : 1 ofertas enviadas hoje
--------------------------------------------------
Proxima postagem: 11m 44s
--------------------------------------------------
ÚLTIMAS 10 OFERTAS ENVIADAS:
--------------------------------------------------
  19:17:07 - for mg zs ezs ev 2017-2024 car dash...
  19:09:59 - 4mp hd 5g wifi ptz camera auto trac...
  18:54:45 - 9v-36v 12v 24v to 5v 5a car usb cha...
  18:39:30 - kingston ram ddr4 laptop memoria 4g...
  18:24:15 - mouse grip tape skate handmade stic...
  18:09:01 - deemount direction adjustable adapt...
  17:53:46 - kamrui gaming mini pc amd ryzen7 77...
  17:38:31 - cpu cooler fan hydraulic bearing si...
  17:23:17 - pld08010s12hh t128010su ga81s2u 78m...
  16:37:54 - e27 5w 7w 9w 12w 15w smart emergenc...
--------------------------------------------------
ULTIMAS AÇÕES:
--------------------------------------------------
[19:17:02] Buscando produtos...
[19:17:17] 2 analisados | 1 enviado
==================================================
1 - Forçar busca
2 - Parar bot
3 - Sair
==================================================
Opcao: [H[2J[3J==================================================
      BOT KBR PLAY — ALIEXPRESS
==================================================
Status   : [ON]
Buscando : NAO
Horario  : 19:21:03
--------------------------------------------------
AliExpress : 1 ofertas enviadas hoje
--------------------------------------------------
Proxima postagem: 11m 14s
--------------------------------------------------
ÚLTIMAS 10 OFERTAS ENVIADAS:
--------------------------------------------------
  19:17:07 - for mg zs ezs ev 2017-2024 car dash...
  19:09:59 - 4mp hd 5g wifi ptz camera auto trac...
  18:54:45 - 9v-36v 12v 24v to 5v 5a car usb cha...
  18:39:30 - kingston ram ddr4 laptop memoria 4g...
  18:24:15 - mouse grip tape skate handmade stic...
  18:09:01 - deemount direction adjustable adapt...
  17:53:46 - kamrui gaming mini pc amd ryzen7 77...
  17:38:31 - cpu cooler fan hydraulic bearing si...
  17:23:17 - pld08010s12hh t128010su ga81s2u 78m...
  16:37:54 - e27 5w 7w 9w 12w 15w smart emergenc...
--------------------------------------------------
ULTIMAS AÇÕES:
--------------------------------------------------
[19:17:02] Buscando produtos...
[19:17:17] 2 analisados | 1 enviado
==================================================
1 - Forçar busca
2 - Parar bot
3 - Sair
==================================================
Opcao: [H[2J[3J==================================================
      BOT KBR PLAY — ALIEXPRESS
==================================================
Status   : [ON]
Buscando : NAO
Horario  : 19:21:33
--------------------------------------------------
AliExpress : 1 ofertas enviadas hoje
--------------------------------------------------
Proxima postagem: 10m 44s
--------------------------------------------------
ÚLTIMAS 10 OFERTAS ENVIADAS:
--------------------------------------------------
  19:17:07 - for mg zs ezs ev 2017-2024 car dash...
  19:09:59 - 4mp hd 5g wifi ptz camera auto trac...
  18:54:45 - 9v-36v 12v 24v to 5v 5a car usb cha...
  18:39:30 - kingston ram ddr4 laptop memoria 4g...
  18:24:15 - mouse grip tape skate handmade stic...
  18:09:01 - deemount direction adjustable adapt...
  17:53:46 - kamrui gaming mini pc amd ryzen7 77...
  17:38:31 - cpu cooler fan hydraulic bearing si...
  17:23:17 - pld08010s12hh t128010su ga81s2u 78m...
  16:37:54 - e27 5w 7w 9w 12w 15w smart emergenc...
--------------------------------------------------
ULTIMAS AÇÕES:
--------------------------------------------------
[19:17:02] Buscando produtos...
[19:17:17] 2 analisados | 1 enviado
==================================================
1 - Forçar busca
2 - Parar bot
3 - Sair
==================================================
Opcao: 
--- Buscando no AliExpress ---
[ALI] Buscando: nvme ssd
[H[2J[3J==================================================
      BOT KBR PLAY — ALIEXPRESS
==================================================
Status   : [ON]
Buscando : SIM
Horario  : 19:22:23
--------------------------------------------------
AliExpress : 0 ofertas enviadas hoje
--------------------------------------------------
Proxima postagem: Aguardando...
--------------------------------------------------
ÚLTIMAS 10 OFERTAS ENVIADAS:
--------------------------------------------------
  19:17:07 - for mg zs ezs ev 2017-2024 car dash...
  19:09:59 - 4mp hd 5g wifi ptz camera auto trac...
  18:54:45 - 9v-36v 12v 24v to 5v 5a car usb cha...
  18:39:30 - kingston ram ddr4 laptop memoria 4g...
  18:24:15 - mouse grip tape skate handmade stic...
  18:09:01 - deemount direction adjustable adapt...
  17:53:46 - kamrui gaming mini pc amd ryzen7 77...
  17:38:31 - cpu cooler fan hydraulic bearing si...
  17:23:17 - pld08010s12hh t128010su ga81s2u 78m...
  16:37:54 - e27 5w 7w 9w 12w 15w smart emergenc...
--------------------------------------------------
ULTIMAS AÇÕES:
--------------------------------------------------
[19:22:23] Buscando produtos...
==================================================
1 - Forçar busca
2 - Parar bot
3 - Sair
==================================================
Opcao: [ALI] 49 produtos encontrados
  [ENVIADO] Intelligent digital hard drive
Posts hoje: 1/100
[H[2J[3J==================================================
      BOT KBR PLAY — ALIEXPRESS
==================================================
Status   : [ON]
Buscando : NAO
Horario  : 19:22:53
--------------------------------------------------
AliExpress : 1 ofertas enviadas hoje
--------------------------------------------------
Proxima postagem: 14m 44s
--------------------------------------------------
ÚLTIMAS 10 OFERTAS ENVIADAS:
--------------------------------------------------
  19:22:28 - intelligent digital hard drive encl...
  19:17:07 - for mg zs ezs ev 2017-2024 car dash...
  19:09:59 - 4mp hd 5g wifi ptz camera auto trac...
  18:54:45 - 9v-36v 12v 24v to 5v 5a car usb cha...
  18:39:30 - kingston ram ddr4 laptop memoria 4g...
  18:24:15 - mouse grip tape skate handmade stic...
  18:09:01 - deemount direction adjustable adapt...
  17:53:46 - kamrui gaming mini pc amd ryzen7 77...
  17:38:31 - cpu cooler fan hydraulic bearing si...
  17:23:17 - pld08010s12hh t128010su ga81s2u 78m...
--------------------------------------------------
ULTIMAS AÇÕES:
--------------------------------------------------
[19:22:23] Buscando produtos...
[19:22:38] 2 analisados | 1 enviado
==================================================
1 - Forçar busca
2 - Parar bot
3 - Sair
==================================================

------------------------------------------------------------
Thu May 07 2026 19:40:53 GMT-0300 (Horário Padrão de Brasília)

--------------------------------------------------
ÚLTIMAS 10 OFERTAS ENVIADAS:
--------------------------------------------------
  19:39:44 - 10.1 inch touch monitor 60hz ips 19...
  19:22:28 - intelligent digital hard drive encl...
  19:17:07 - for mg zs ezs ev 2017-2024 car dash...
  19:09:59 - 4mp hd 5g wifi ptz camera auto trac...
  18:54:45 - 9v-36v 12v 24v to 5v 5a car usb cha...
  18:39:30 - kingston ram ddr4 laptop memoria 4g...
  18:24:15 - mouse grip tape skate handmade stic...
  18:09:01 - deemount direction adjustable adapt...
  17:53:46 - kamrui gaming mini pc amd ryzen7 77...
  17:38:31 - cpu cooler fan hydraulic bearing si...
--------------------------------------------------
ULTIMAS AÇÕES:
--------------------------------------------------
[19:24:37] Buscando produtos...
[19:24:40] 43 analisados | nenhum enviado
[19:39:40] Buscando produtos...
[19:39:54] 10 analisados | 1 enviado
==================================================
1 - Forçar busca
2 - Parar bot
3 - Sair
==================================================
Opcao: [H[2J[3J==================================================
      BOT KBR PLAY — ALIEXPRESS
==================================================
Status   : [ON]
Buscando : NAO
Horario  : 19:42:08
--------------------------------------------------
AliExpress : 1 ofertas enviadas hoje
--------------------------------------------------
Proxima postagem: 12m 46s
--------------------------------------------------
ÚLTIMAS 10 OFERTAS ENVIADAS:
--------------------------------------------------
  19:39:44 - 10.1 inch touch monitor 60hz ips 19...
  19:22:28 - intelligent digital hard drive encl...
  19:17:07 - for mg zs ezs ev 2017-2024 car dash...
  19:09:59 - 4mp hd 5g wifi ptz camera auto trac...
  18:54:45 - 9v-36v 12v 24v to 5v 5a car usb cha...
  18:39:30 - kingston ram ddr4 laptop memoria 4g...
  18:24:15 - mouse grip tape skate handmade stic...
  18:09:01 - deemount direction adjustable adapt...
  17:53:46 - kamrui gaming mini pc amd ryzen7 77...
  17:38:31 - cpu cooler fan hydraulic bearing si...
--------------------------------------------------
ULTIMAS AÇÕES:
--------------------------------------------------
[19:24:37] Buscando produtos...
[19:24:40] 43 analisados | nenhum enviado
[19:39:40] Buscando produtos...
[19:39:54] 10 analisados | 1 enviado
==================================================
1 - Forçar busca
2 - Parar bot
3 - Sair
==================================================
Opcao: [H[2J[3J==================================================
      BOT KBR PLAY — ALIEXPRESS
==================================================
Status   : [ON]
Buscando : NAO
Horario  : 19:42:38
--------------------------------------------------
AliExpress : 1 ofertas enviadas hoje
--------------------------------------------------
Proxima postagem: 12m 16s
--------------------------------------------------
ÚLTIMAS 10 OFERTAS ENVIADAS:
--------------------------------------------------
  19:39:44 - 10.1 inch touch monitor 60hz ips 19...
  19:22:28 - intelligent digital hard drive encl...
  19:17:07 - for mg zs ezs ev 2017-2024 car dash...
  19:09:59 - 4mp hd 5g wifi ptz camera auto trac...
  18:54:45 - 9v-36v 12v 24v to 5v 5a car usb cha...
  18:39:30 - kingston ram ddr4 laptop memoria 4g...
  18:24:15 - mouse grip tape skate handmade stic...
  18:09:01 - deemount direction adjustable adapt...
  17:53:46 - kamrui gaming mini pc amd ryzen7 77...
  17:38:31 - cpu cooler fan hydraulic bearing si...
--------------------------------------------------
ULTIMAS AÇÕES:
--------------------------------------------------
[19:24:37] Buscando produtos...
[19:24:40] 43 analisados | nenhum enviado
[19:39:40] Buscando produtos...
[19:39:54] 10 analisados | 1 enviado
==================================================
1 - Forçar busca
2 - Parar bot
3 - Sair
==================================================
Opcao: [H[2J[3J==================================================
      BOT KBR PLAY — ALIEXPRESS
==================================================
Status   : [ON]
Buscando : NAO
Horario  : 19:43:08
--------------------------------------------------
AliExpress : 1 ofertas enviadas hoje
--------------------------------------------------
Proxima postagem: 11m 46s
--------------------------------------------------
ÚLTIMAS 10 OFERTAS ENVIADAS:
--------------------------------------------------
  19:39:44 - 10.1 inch touch monitor 60hz ips 19...
  19:22:28 - intelligent digital hard drive encl...
  19:17:07 - for mg zs ezs ev 2017-2024 car dash...
  19:09:59 - 4mp hd 5g wifi ptz camera auto trac...
  18:54:45 - 9v-36v 12v 24v to 5v 5a car usb cha...
  18:39:30 - kingston ram ddr4 laptop memoria 4g...
  18:24:15 - mouse grip tape skate handmade stic...
  18:09:01 - deemount direction adjustable adapt...
  17:53:46 - kamrui gaming mini pc amd ryzen7 77...
  17:38:31 - cpu cooler fan hydraulic bearing si...
--------------------------------------------------
ULTIMAS AÇÕES:
--------------------------------------------------
[19:24:37] Buscando produtos...
[19:24:40] 43 analisados | nenhum enviado
[19:39:40] Buscando produtos...
[19:39:54] 10 analisados | 1 enviado
==================================================
1 - Forçar busca
2 - Parar bot
3 - Sair
==================================================
Opcao: [H[2J[3J==================================================
      BOT KBR PLAY — ALIEXPRESS
==================================================
Status   : [ON]
Buscando : NAO
Horario  : 19:43:38
--------------------------------------------------
AliExpress : 1 ofertas enviadas hoje
--------------------------------------------------
Proxima postagem: 11m 16s
--------------------------------------------------
ÚLTIMAS 10 OFERTAS ENVIADAS:
--------------------------------------------------
  19:39:44 - 10.1 inch touch monitor 60hz ips 19...
  19:22:28 - intelligent digital hard drive encl...
  19:17:07 - for mg zs ezs ev 2017-2024 car dash...
  19:09:59 - 4mp hd 5g wifi ptz camera auto trac...
  18:54:45 - 9v-36v 12v 24v to 5v 5a car usb cha...
  18:39:30 - kingston ram ddr4 laptop memoria 4g...
  18:24:15 - mouse grip tape skate handmade stic...
  18:09:01 - deemount direction adjustable adapt...
  17:53:46 - kamrui gaming mini pc amd ryzen7 77...
  17:38:31 - cpu cooler fan hydraulic bearing si...
--------------------------------------------------
ULTIMAS AÇÕES:
--------------------------------------------------
[19:24:37] Buscando produtos...
[19:24:40] 43 analisados | nenhum enviado
[19:39:40] Buscando produtos...
[19:39:54] 10 analisados | 1 enviado
==================================================
1 - Forçar busca
2 - Parar bot
3 - Sair
==================================================
Opcao: [H[2J[3J==================================================
      BOT KBR PLAY — ALIEXPRESS
==================================================
Status   : [ON]
Buscando : NAO
Horario  : 19:44:08
--------------------------------------------------
AliExpress : 1 ofertas enviadas hoje
--------------------------------------------------
Proxima postagem: 10m 46s
--------------------------------------------------
ÚLTIMAS 10 OFERTAS ENVIADAS:
--------------------------------------------------
  19:39:44 - 10.1 inch touch monitor 60hz ips 19...
  19:22:28 - intelligent digital hard drive encl...
  19:17:07 - for mg zs ezs ev 2017-2024 car dash...
  19:09:59 - 4mp hd 5g wifi ptz camera auto trac...
  18:54:45 - 9v-36v 12v 24v to 5v 5a car usb cha...
  18:39:30 - kingston ram ddr4 laptop memoria 4g...
  18:24:15 - mouse grip tape skate handmade stic...
  18:09:01 - deemount direction adjustable adapt...
  17:53:46 - kamrui gaming mini pc amd ryzen7 77...
  17:38:31 - cpu cooler fan hydraulic bearing si...
--------------------------------------------------
ULTIMAS AÇÕES:
--------------------------------------------------
[19:24:37] Buscando produtos...
[19:24:40] 43 analisados | nenhum enviado
[19:39:40] Buscando produtos...
[19:39:54] 10 analisados | 1 enviado
==================================================
1 - Forçar busca
2 - Parar bot
3 - Sair
==================================================
